8
ins,691,karma_691
ins,478,karma_478
ins,855,karma_855
ins,711,karma_711
ins,821,karma_821
ins,635,karma_635
ins,142,karma_142
ins,779,karma_779
ins,806,karma_806
ins,330,karma_330
ins,28,karma_28
ins,773,karma_773
ins,501,karma_501
ins,947,karma_947
ins,485,karma_485
ins,966,karma_966
ins,908,karma_908
ins,342,karma_342
ins,11,karma_11
ins,699,karma_699
ins,645,karma_645
ins,179,karma_179
ins,900,karma_900
ins,370,karma_370
ins,422,karma_422
ins,226,karma_226
ins,759,karma_759
ins,154,karma_154
ins,489,karma_489
ins,100,karma_100
ins,329,karma_329
ins,432,karma_432
ins,73,karma_73
ins,989,karma_989
ins,17,karma_17
ins,221,karma_221
ins,424,karma_424
ins,397,karma_397
ins,840,karma_840
ins,106,karma_106
ins,569,karma_569
ins,178,karma_178
ins,686,karma_686
ins,980,karma_980
ins,786,karma_786
ins,276,karma_276
ins,574,karma_574
ins,285,karma_285
ins,490,karma_490
ins,885,karma_885
ins,219,karma_219
ins,413,karma_413
ins,793,karma_793
ins,588,karma_588
ins,67,karma_67
ins,21,karma_21
ins,5,karma_5
ins,988,karma_988
ins,182,karma_182
ins,965,karma_965
ins,876,karma_876
ins,628,karma_628
ins,971,karma_971
ins,940,karma_940
ins,176,karma_176
ins,542,karma_542
ins,906,karma_906
ins,90,karma_90
ins,427,karma_427
ins,850,karma_850
ins,688,karma_688
ins,629,karma_629
ins,30,karma_30
ins,8,karma_8
ins,944,karma_944
ins,76,karma_76
ins,599,karma_599
ins,921,karma_921
ins,14,karma_14
ins,634,karma_634
ins,844,karma_844
ins,390,karma_390
ins,261,karma_261
ins,335,karma_335
ins,531,karma_531
ins,169,karma_169
ins,284,karma_284
ins,311,karma_311
ins,695,karma_695
ins,825,karma_825
ins,928,karma_928
ins,15,karma_15
ins,440,karma_440
ins,601,karma_601
ins,682,karma_682
ins,333,karma_333
ins,420,karma_420
ins,955,karma_955
ins,445,karma_445
ins,385,karma_385
ins,541,karma_541
ins,953,karma_953
ins,265,karma_265
ins,80,karma_80
ins,639,karma_639
ins,347,karma_347
ins,742,karma_742
ins,539,karma_539
ins,694,karma_694
ins,832,karma_832
ins,134,karma_134
ins,343,karma_343
ins,653,karma_653
ins,405,karma_405
ins,262,karma_262
ins,303,karma_303
ins,199,karma_199
ins,670,karma_670
ins,346,karma_346
ins,801,karma_801
ins,766,karma_766
ins,37,karma_37
ins,830,karma_830
ins,256,karma_256
ins,585,karma_585
ins,39,karma_39
ins,334,karma_334
ins,505,karma_505
ins,355,karma_355
ins,366,karma_366
ins,373,karma_373
ins,974,karma_974
ins,987,karma_987
ins,867,karma_867
ins,466,karma_466
ins,901,karma_901
ins,910,karma_910
ins,496,karma_496
ins,429,karma_429
ins,992,karma_992
ins,196,karma_196
ins,960,karma_960
ins,862,karma_862
ins,507,karma_507
ins,697,karma_697
ins,665,karma_665
ins,238,karma_238
ins,250,karma_250
ins,24,karma_24
ins,44,karma_44
ins,140,karma_140
ins,606,karma_606
ins,131,karma_131
ins,260,karma_260
ins,354,karma_354
ins,6,karma_6
ins,371,karma_371
ins,358,karma_358
ins,870,karma_870
ins,750,karma_750
ins,40,karma_40
ins,195,karma_195
ins,997,karma_997
ins,644,karma_644
ins,880,karma_880
ins,103,karma_103
ins,843,karma_843
ins,10,karma_10
ins,984,karma_984
ins,581,karma_581
ins,656,karma_656
ins,186,karma_186
ins,716,karma_716
ins,593,karma_593
ins,488,karma_488
ins,888,karma_888
ins,194,karma_194
ins,208,karma_208
ins,963,karma_963
ins,920,karma_920
ins,150,karma_150
ins,382,karma_382
ins,911,karma_911
ins,729,karma_729
ins,663,karma_663
ins,576,karma_576
ins,149,karma_149
ins,281,karma_281
ins,94,karma_94
ins,658,karma_658
ins,240,karma_240
ins,299,karma_299
ins,956,karma_956
ins,183,karma_183
ins,714,karma_714
ins,946,karma_946
ins,660,karma_660
ins,689,karma_689
ins,858,karma_858
ins,188,karma_188
dump,output/tree_dump_1.json
ins,298,karma_298
ins,289,karma_289
ins,386,karma_386
ins,848,karma_848
ins,222,karma_222
ins,283,karma_283
ins,325,karma_325
ins,866,karma_866
ins,122,karma_122
ins,648,karma_648
ins,720,karma_720
ins,84,karma_84
ins,348,karma_348
ins,780,karma_780
ins,431,karma_431
ins,520,karma_520
ins,433,karma_433
ins,514,karma_514
ins,474,karma_474
ins,16,karma_16
ins,483,karma_483
ins,340,karma_340
ins,603,karma_603
ins,510,karma_510
ins,761,karma_761
ins,637,karma_637
ins,529,karma_529
ins,969,karma_969
ins,197,karma_197
ins,315,karma_315
ins,402,karma_402
ins,163,karma_163
ins,184,karma_184
ins,428,karma_428
ins,598,karma_598
ins,859,karma_859
ins,177,karma_177
ins,952,karma_952
ins,380,karma_380
ins,740,karma_740
ins,71,karma_71
ins,770,karma_770
ins,309,karma_309
ins,772,karma_772
ins,708,karma_708
ins,864,karma_864
ins,81,karma_81
ins,394,karma_394
ins,460,karma_460
ins,528,karma_528
ins,77,karma_77
ins,703,karma_703
ins,274,karma_274
ins,784,karma_784
ins,657,karma_657
ins,322,karma_322
ins,684,karma_684
ins,591,karma_591
ins,600,karma_600
ins,560,karma_560
ins,791,karma_791
ins,117,karma_117
ins,93,karma_93
ins,153,karma_153
ins,687,karma_687
ins,811,karma_811
ins,105,karma_105
ins,690,karma_690
ins,26,karma_26
ins,527,karma_527
ins,86,karma_86
ins,230,karma_230
ins,820,karma_820
ins,324,karma_324
ins,136,karma_136
ins,764,karma_764
ins,404,karma_404
ins,516,karma_516
ins,717,karma_717
ins,854,karma_854
ins,465,karma_465
ins,622,karma_622
ins,568,karma_568
ins,608,karma_608
ins,438,karma_438
ins,398,karma_398
ins,19,karma_19
ins,280,karma_280
ins,49,karma_49
ins,680,karma_680
ins,596,karma_596
ins,548,karma_548
ins,126,karma_126
ins,875,karma_875
ins,20,karma_20
ins,363,karma_363
ins,554,karma_554
ins,659,karma_659
ins,917,karma_917
ins,218,karma_218
ins,471,karma_471
ins,887,karma_887
ins,700,karma_700
ins,416,karma_416
ins,42,karma_42
ins,492,karma_492
ins,165,karma_165
ins,487,karma_487
ins,482,karma_482
ins,457,karma_457
ins,158,karma_158
ins,545,karma_545
ins,58,karma_58
ins,583,karma_583
ins,254,karma_254
ins,519,karma_519
ins,114,karma_114
ins,209,karma_209
ins,89,karma_89
ins,263,karma_263
ins,970,karma_970
ins,456,karma_456
ins,327,karma_327
ins,110,karma_110
ins,777,karma_777
ins,926,karma_926
ins,161,karma_161
ins,909,karma_909
ins,269,karma_269
ins,950,karma_950
ins,237,karma_237
ins,82,karma_82
ins,189,karma_189
ins,904,karma_904
ins,871,karma_871
ins,785,karma_785
ins,124,karma_124
ins,228,karma_228
ins,937,karma_937
ins,504,karma_504
ins,54,karma_54
ins,678,karma_678
ins,401,karma_401
ins,602,karma_602
ins,130,karma_130
ins,282,karma_282
ins,168,karma_168
ins,964,karma_964
ins,915,karma_915
ins,204,karma_204
ins,934,karma_934
ins,540,karma_540
ins,533,karma_533
ins,181,karma_181
ins,246,karma_246
ins,942,karma_942
ins,532,karma_532
ins,809,karma_809
ins,180,karma_180
ins,517,karma_517
ins,916,karma_916
ins,35,karma_35
ins,976,karma_976
ins,705,karma_705
ins,97,karma_97
ins,389,karma_389
ins,392,karma_392
ins,771,karma_771
ins,526,karma_526
ins,60,karma_60
ins,621,karma_621
ins,157,karma_157
ins,198,karma_198
ins,617,karma_617
ins,945,karma_945
ins,630,karma_630
ins,491,karma_491
ins,257,karma_257
ins,214,karma_214
ins,200,karma_200
ins,295,karma_295
ins,795,karma_795
ins,790,karma_790
ins,895,karma_895
ins,113,karma_113
ins,518,karma_518
ins,797,karma_797
ins,318,karma_318
ins,500,karma_500
ins,615,karma_615
ins,249,karma_249
ins,675,karma_675
ins,701,karma_701
ins,441,karma_441
ins,829,karma_829
ins,170,karma_170
ins,313,karma_313
ins,881,karma_881
ins,692,karma_692
ins,235,karma_235
ins,301,karma_301
ins,379,karma_379
ins,251,karma_251
ins,923,karma_923
ins,752,karma_752
ins,798,karma_798
ins,415,karma_415
ins,447,karma_447
ins,91,karma_91
ins,652,karma_652
ins,381,karma_381
ins,550,karma_550
ins,794,karma_794
ins,730,karma_730
ins,704,karma_704
ins,316,karma_316
ins,1,karma_1
ins,66,karma_66
ins,192,karma_192
ins,776,karma_776
ins,55,karma_55
ins,618,karma_618
ins,193,karma_193
ins,930,karma_930
ins,889,karma_889
ins,245,karma_245
ins,450,karma_450
ins,365,karma_365
ins,882,karma_882
ins,959,karma_959
ins,719,karma_719
ins,810,karma_810
ins,873,karma_873
ins,98,karma_98
ins,323,karma_323
ins,65,karma_65
ins,914,karma_914
ins,473,karma_473
ins,745,karma_745
ins,646,karma_646
ins,536,karma_536
ins,357,karma_357
ins,101,karma_101
ins,294,karma_294
ins,671,karma_671
ins,522,karma_522
ins,863,karma_863
ins,674,karma_674
ins,672,karma_672
ins,95,karma_95
ins,79,karma_79
ins,107,karma_107
ins,521,karma_521
ins,879,karma_879
ins,796,karma_796
ins,78,karma_78
ins,948,karma_948
ins,418,karma_418
ins,640,karma_640
ins,137,karma_137
ins,205,karma_205
ins,760,karma_760
ins,846,karma_846
ins,344,karma_344
ins,108,karma_108
ins,141,karma_141
ins,755,karma_755
ins,865,karma_865
ins,232,karma_232
ins,995,karma_995
ins,831,karma_831
ins,874,karma_874
ins,241,karma_241
ins,999,karma_999
ins,220,karma_220
ins,484,karma_484
ins,835,karma_835
ins,808,karma_808
ins,233,karma_233
ins,411,karma_411
ins,300,karma_300
ins,902,karma_902
ins,38,karma_38
ins,127,karma_127
ins,304,karma_304
ins,607,karma_607
ins,57,karma_57
ins,534,karma_534
ins,724,karma_724
ins,494,karma_494
ins,624,karma_624
ins,856,karma_856
ins,958,karma_958
ins,925,karma_925
ins,437,karma_437
ins,292,karma_292
ins,731,karma_731
ins,861,karma_861
ins,839,karma_839
ins,32,karma_32
del,114
ins,767,karma_767
ins,225,karma_225
ins,442,karma_442
ins,172,karma_172
del,533
ins,291,karma_291
ins,215,karma_215
ins,547,karma_547
ins,681,karma_681
del,262
del,541
ins,287,karma_287
ins,563,karma_563
ins,562,karma_562
ins,842,karma_842
ins,128,karma_128
ins,626,karma_626
ins,448,karma_448
del,473
ins,120,karma_120
ins,51,karma_51
ins,18,karma_18
del,717
ins,449,karma_449
ins,753,karma_753
ins,160,karma_160
ins,155,karma_155
ins,443,karma_443
ins,264,karma_264
ins,231,karma_231
ins,328,karma_328
del,432
ins,775,karma_775
ins,148,karma_148
ins,374,karma_374
del,466
del,500
ins,530,karma_530
ins,612,karma_612
ins,391,karma_391
del,516
del,694
del,887
ins,557,karma_557
ins,308,karma_308
del,333
ins,619,karma_619
ins,566,karma_566
ins,268,karma_268
del,113
ins,25,karma_25
del,256
ins,446,karma_446
del,365
del,490
del,38
ins,417,karma_417
del,904
ins,455,karma_455
ins,789,karma_789
ins,307,karma_307
del,672
ins,419,karma_419
ins,649,karma_649
ins,118,karma_118
ins,935,karma_935
ins,537,karma_537
ins,939,karma_939
ins,737,karma_737
del,648
del,8
del,634
ins,595,karma_595
ins,651,karma_651
ins,435,karma_435
del,560
del,674
ins,96,karma_96
del,874
ins,63,karma_63
ins,981,karma_981
ins,399,karma_399
ins,899,karma_899
ins,302,karma_302
ins,173,karma_173
ins,543,karma_543
ins,31,karma_31
ins,310,karma_310
del,137
del,54
del,599
ins,763,karma_763
del,902
ins,696,karma_696
del,858
ins,156,karma_156
ins,266,karma_266
ins,360,karma_360
ins,206,karma_206
ins,341,karma_341
ins,990,karma_990
del,250
del,956
ins,957,karma_957
ins,994,karma_994
ins,673,karma_673
ins,243,karma_243
ins,339,karma_339
ins,664,karma_664
del,318
ins,375,karma_375
del,370
del,846
del,379
ins,625,karma_625
del,921
del,416
del,165
ins,453,karma_453
ins,662,karma_662
del,182
ins,788,karma_788
del,729
del,418
ins,586,karma_586
ins,319,karma_319
del,235
del,529
del,390
ins,296,karma_296
del,411
ins,236,karma_236
del,485
ins,824,karma_824
del,976
del,285
ins,395,karma_395
del,380
del,888
ins,927,karma_927
ins,409,karma_409
del,700
ins,559,karma_559
ins,267,karma_267
ins,393,karma_393
del,534
ins,977,karma_977
ins,781,karma_781
del,1
ins,555,karma_555
del,776
ins,891,karma_891
ins,986,karma_986
del,820
ins,669,karma_669
del,169
ins,387,karma_387
ins,805,karma_805
ins,36,karma_36
del,484
ins,931,karma_931
ins,115,karma_115
del,220
del,522
del,257
del,880
ins,7,karma_7
ins,92,karma_92
ins,616,karma_616
ins,212,karma_212
ins,845,karma_845
ins,336,karma_336
del,779
ins,290,karma_290
ins,817,karma_817
ins,852,karma_852
del,136
ins,827,karma_827
ins,279,karma_279
ins,816,karma_816
ins,818,karma_818
del,955
del,180
del,785
ins,376,karma_376
ins,746,karma_746
del,963
ins,710,karma_710
ins,782,karma_782
ins,377,karma_377
ins,151,karma_151
ins,444,karma_444
del,568
ins,185,karma_185
ins,860,karma_860
del,437
ins,45,karma_45
ins,133,karma_133
ins,954,karma_954
ins,13,karma_13
ins,979,karma_979
del,850
del,624
del,80
ins,577,karma_577
del,183
del,161
ins,331,karma_331
ins,918,karma_918
del,299
del,401
ins,792,karma_792
del,974
del,844
del,327
del,246
ins,258,karma_258
ins,202,karma_202
ins,207,karma_207
del,606
del,517
del,103
ins,372,karma_372
del,969
del,999
ins,135,karma_135
ins,468,karma_468
ins,463,karma_463
ins,744,karma_744
del,691
ins,623,karma_623
ins,972,karma_972
ins,878,karma_878
ins,3,karma_3
ins,144,karma_144
del,311
ins,668,karma_668
del,261
del,671
del,263
del,519
ins,723,karma_723
ins,905,karma_905
ins,1000,karma_1000
ins,451,karma_451
ins,556,karma_556
del,134
ins,589,karma_589
del,402
ins,439,karma_439
ins,961,karma_961
ins,368,karma_368
ins,248,karma_248
ins,69,karma_69
ins,702,karma_702
del,124
ins,834,karma_834
ins,715,karma_715
ins,949,karma_949
ins,297,karma_297
ins,452,karma_452
ins,145,karma_145
ins,757,karma_757
ins,913,karma_913
del,501
ins,587,karma_587
del,790
ins,293,karma_293
del,859
ins,698,karma_698
ins,610,karma_610
ins,654,karma_654
ins,903,karma_903
ins,553,karma_553
ins,836,karma_836
ins,99,karma_99
ins,470,karma_470
del,576
del,507
ins,171,karma_171
ins,647,karma_647
ins,351,karma_351
del,764
ins,508,karma_508
del,170
ins,477,karma_477
ins,883,karma_883
del,697
del,428
dump,output/tree_dump_2.json
ins,139,karma_139
del,629
ins,116,karma_116
del,240
del,574
ins,72,karma_72
ins,337,karma_337
ins,872,karma_872
ins,661,karma_661
ins,210,karma_210
ins,993,karma_993
ins,47,karma_47
del,980
del,254
ins,352,karma_352
ins,582,karma_582
ins,479,karma_479
del,487
ins,579,karma_579
ins,932,karma_932
ins,851,karma_851
ins,941,karma_941
del,809
ins,611,karma_611
ins,326,karma_326
ins,886,karma_886
del,714
ins,70,karma_70
del,701
ins,486,karma_486
ins,454,karma_454
del,93
del,357
ins,247,karma_247
ins,406,karma_406
del,670
ins,369,karma_369
ins,726,karma_726
ins,338,karma_338
del,665
ins,46,karma_46
ins,87,karma_87
del,415
ins,693,karma_693
del,830
del,289
ins,459,karma_459
del,491
ins,320,karma_320
del,688
del,930
del,193
del,740
del,78
ins,929,karma_929
ins,578,karma_578
del,265
del,445
del,885
ins,826,karma_826
del,324
del,188
ins,573,karma_573
del,539
ins,592,karma_592
ins,61,karma_61
ins,898,karma_898
ins,627,karma_627
del,843
ins,224,karma_224
del,280
ins,804,karma_804
del,920
del,760
ins,896,karma_896
del,583
ins,213,karma_213
del,862
del,675
ins,430,karma_430
del,870
ins,633,karma_633
ins,833,karma_833
ins,936,karma_936
ins,48,karma_48
ins,725,karma_725
ins,476,karma_476
del,711
del,44
ins,575,karma_575
ins,314,karma_314
ins,983,karma_983
del,422
del,514
del,821
ins,774,karma_774
ins,996,karma_996
ins,985,karma_985
del,663
ins,564,karma_564
del,60
ins,481,karma_481
del,6
del,42
ins,813,karma_813
del,906
ins,783,karma_783
del,295
ins,9,karma_9
del,447
ins,919,karma_919
ins,544,karma_544
ins,584,karma_584
ins,650,karma_650
del,923
del,987
ins,4,karma_4
ins,499,karma_499
ins,951,karma_951
del,810
del,456
ins,242,karma_242
ins,722,karma_722
del,518
ins,800,karma_800
ins,253,karma_253
del,915
ins,271,karma_271
del,895
del,773
ins,191,karma_191
ins,551,karma_551
del,431
del,141
del,228
del,793
ins,676,karma_676
del,797
ins,378,karma_378
del,424
del,179
ins,571,karma_571
del,811
ins,104,karma_104
del,127
del,329
del,5
ins,407,karma_407
ins,75,karma_75
ins,802,karma_802
ins,549,karma_549
ins,356,karma_356
del,540
del,970
ins,515,karma_515
ins,938,karma_938
ins,259,karma_259
ins,778,karma_778
ins,754,karma_754
ins,321,karma_321
ins,857,karma_857
ins,121,karma_121
del,323
ins,721,karma_721
ins,641,karma_641
ins,666,karma_666
ins,152,karma_152
del,545
del,901
del,304
del,427
ins,799,karma_799
ins,546,karma_546
ins,998,karma_998
del,942
del,276
ins,756,karma_756
del,652
ins,361,karma_361
ins,631,karma_631
ins,973,karma_973
ins,475,karma_475
ins,787,karma_787
del,269
ins,570,karma_570
ins,33,karma_33
del,303
ins,768,karma_768
ins,190,karma_190
del,57
ins,175,karma_175
del,520
ins,23,karma_23
ins,907,karma_907
ins,187,karma_187
del,281
del,84
del,719
del,89
del,585
ins,462,karma_462
ins,511,karma_511
del,230
ins,523,karma_523
ins,277,karma_277
del,928
ins,423,karma_423
ins,727,karma_727
ins,924,karma_924
del,602
ins,498,karma_498
ins,497,karma_497
del,708
ins,847,karma_847
ins,125,karma_125
ins,748,karma_748
ins,561,karma_561
del,492
ins,68,karma_68
ins,408,karma_408
ins,838,karma_838
del,194
del,618
del,178
ins,436,karma_436
ins,410,karma_410
ins,667,karma_667
ins,677,karma_677
ins,636,karma_636
ins,762,karma_762
del,971
ins,758,karma_758
del,95
del,645
ins,278,karma_278
ins,426,karma_426
del,283
del,343
ins,747,karma_747
ins,580,karma_580
ins,359,karma_359
ins,34,karma_34
ins,739,karma_739
ins,738,karma_738
del,181
ins,174,karma_174
ins,828,karma_828
ins,869,karma_869
del,659
ins,111,karma_111
ins,735,karma_735
ins,765,karma_765
ins,74,karma_74
ins,41,karma_41
ins,461,karma_461
ins,613,karma_613
del,598
ins,458,karma_458
ins,467,karma_467
del,222
ins,414,karma_414
ins,119,karma_119
ins,162,karma_162
del,825
ins,59,karma_59
del,168
ins,968,karma_968
ins,597,karma_597
del,24
ins,364,karma_364
del,925
del,742
ins,349,karma_349
ins,472,karma_472
del,354
ins,962,karma_962
ins,270,karma_270
ins,83,karma_83
ins,614,karma_614
ins,890,karma_890
ins,275,karma_275
ins,350,karma_350
ins,109,karma_109
ins,604,karma_604
ins,552,karma_552
ins,52,karma_52
ins,345,karma_345
ins,143,karma_143
ins,434,karma_434
ins,749,karma_749
del,950
del,687
del,617
ins,893,karma_893
ins,216,karma_216
ins,252,karma_252
ins,203,karma_203
del,294
del,192
ins,685,karma_685
ins,967,karma_967
del,875
del,208
ins,132,karma_132
ins,217,karma_217
del,682
del,639
del,791
del,640
ins,709,karma_709
ins,751,karma_751
del,79
ins,493,karma_493
ins,421,karma_421
ins,229,karma_229
del,478
ins,412,karma_412
ins,609,karma_609
ins,594,karma_594
ins,400,karma_400
ins,683,karma_683
ins,27,karma_27
ins,524,karma_524
del,186
del,848
ins,43,karma_43
ins,305,karma_305
del,363
ins,707,karma_707
ins,138,karma_138
ins,853,karma_853
ins,558,karma_558
ins,255,karma_255
del,37
del,226
del,76
ins,12,karma_12
ins,638,karma_638
del,209
ins,643,karma_643
del,832
ins,353,karma_353
del,705
ins,512,karma_512
del,98
ins,273,karma_273
ins,53,karma_53
ins,362,karma_362
del,309
del,863
ins,495,karma_495
ins,272,karma_272
del,199
ins,849,karma_849
del,298
del,433
del,591
ins,991,karma_991
ins,509,karma_509
ins,403,karma_403
ins,502,karma_502
del,699
del,198
del,65
del,440
ins,892,karma_892
ins,590,karma_590
del,854
del,405
ins,706,karma_706
ins,147,karma_147
ins,146,karma_146
ins,425,karma_425
del,30
del,474
ins,56,karma_56
del,867
ins,506,karma_506
ins,129,karma_129
ins,732,karma_732
ins,384,karma_384
ins,572,karma_572
del,596
ins,164,karma_164
del,77
ins,167,karma_167
del,745
del,342
del,346
ins,211,karma_211
del,344
ins,894,karma_894
ins,642,karma_642
del,122
del,232
ins,223,karma_223
ins,943,karma_943
del,366
ins,234,karma_234
ins,728,karma_728
ins,679,karma_679
ins,317,karma_317
ins,50,karma_50
del,750
ins,819,karma_819
ins,815,karma_815
ins,884,karma_884
del,214
del,864
del,241
ins,102,karma_102
ins,620,karma_620
ins,286,karma_286
ins,166,karma_166
ins,159,karma_159
ins,22,karma_22
ins,62,karma_62
ins,812,karma_812
ins,227,karma_227
ins,538,karma_538
ins,201,karma_201
ins,933,karma_933
ins,975,karma_975
ins,734,karma_734
ins,88,karma_88
del,17
del,569
ins,769,karma_769
ins,814,karma_814
del,926
del,653
ins,822,karma_822
ins,741,karma_741
ins,29,karma_29
del,916
del,635
ins,535,karma_535
del,218
ins,736,karma_736
ins,823,karma_823
del,684
del,457
del,835
del,107
ins,513,karma_513
ins,632,karma_632
del,601
ins,525,karma_525
del,958
del,355
ins,713,karma_713
ins,565,karma_565
ins,803,karma_803
del,690
ins,978,karma_978
ins,743,karma_743
del,441
ins,244,karma_244
ins,306,karma_306
del,808
ins,480,karma_480
ins,655,karma_655
ins,922,karma_922
del,140
del,386
ins,332,karma_332
ins,841,karma_841
ins,2,karma_2
ins,503,karma_503
ins,897,karma_897
ins,288,karma_288
del,724
del,960
ins,718,karma_718
ins,396,karma_396
del,686
ins,64,karma_64
del,249
ins,605,karma_605
ins,733,karma_733
del,117
ins,982,karma_982
del,404
ins,123,karma_123
ins,877,karma_877
del,195
ins,112,karma_112
ins,912,karma_912
ins,567,karma_567
ins,712,karma_712
del,780
del,761
del,94
del,889
ins,807,karma_807
del,313
del,19
ins,874,karma_874
ins,637,karma_637
ins,2,karma_2
ins,196,karma_196
ins,748,karma_748
ins,360,karma_360
ins,552,karma_552
ins,30,karma_30
ins,524,karma_524
ins,595,karma_595
del,261
del,405
del,437
del,285
del,516
del,665
del,186
del,195
del,299
del,956
qry,937
qry,609
qry,578
qry,356
qry,69
qry,87
qry,163
qry,974
qry,310
dump,output/tree_dump_3.json
qry_path,output/queries.values